Content-Type: multipart/alternative; boundary="===============0059423954=="
MIME-Version: 1.0
Subject: Profile activation
From: test@example.com
To: dglvalerio@gmail.com
Date: Wed, 22 Jan 2020 15:22:54 -0000
Message-ID: <157970657427.6092.4391816952589801227@CMP64.cdn.local>

--===============0059423954==
Content-Type: text/plain; charset="utf-8"
MIME-Version: 1.0
Content-Transfer-Encoding: 7bit



To activate your profile, please follow this link:

http://127.0.0.1:8000/accounts/activate/vsoYmrWMrDN7m0k62HkC/

--===============0059423954==
Content-Type: text/html; charset="utf-8"
MIME-Version: 1.0
Content-Transfer-Encoding: 7bit



<!DOCTYPE html PUBLIC "-//W3C//DTD XHTML 1.0 Transitional//EN"
        "http://www.w3.org/TR/xhtml1/DTD/xhtml1-transitional.dtd">
<html xmlns="http://www.w3.org/1999/xhtml">
<head>
    <meta http-equiv="Content-Type" content="text/html; charset=UTF-8"/>
    <title>Profile activation</title>
    <meta name="viewport" content="width=device-width, initial-scale=1.0"/>
</head>

<body>

<p>
    To activate your profile, please follow this link:
</p>

<p>
    <a href="http://127.0.0.1:8000/accounts/activate/vsoYmrWMrDN7m0k62HkC/">http://127.0.0.1:8000/accounts/activate/vsoYmrWMrDN7m0k62HkC/</a>
</p>

</body>

</html>

--===============0059423954==--

-------------------------------------------------------------------------------
